# JRE version: Java(TM) SE Runtime Environment (23.0+37) (build 23+37-2369)
# Java VM: Java HotSpot(TM) 64-Bit Server VM (23+37-2369, mixed mode, sharing, tiered, compressed oops, compressed class ptrs, g1 gc, windows-amd64)
GC Precious Log:
 CardTable entry size: 512
 Card Set container configuration: InlinePtr #cards 5 size 8 Array Of Cards #cards 10 size 36 Howl #buckets 4 coarsen threshold 1843 Howl Bitmap #cards 512 size 80 coarsen threshold 460 Card regions per heap region 1 cards per card region 2048
 CPUs: 8 total, 8 available
 Memory: 5965M
 Large Page Support: Disabled
 NUMA Support: Disabled
 Compressed Oops: Enabled (32-bit)
 Heap Region Size: 1M
 Heap Min Capacity: 8M
 Heap Initial Capacity: 94M
 Heap Max Capacity: 1492M
 Pre-touch: Disabled
 Parallel Workers: 8
 Concurrent Workers: 2
 Concurrent Refinement Workers: 8
 Periodic GC: Disabled
Heap:
 garbage-first heap   total reserved 1527808K, committed 68608K, used 51843K [0x00000000a2c00000, 0x0000000100000000)
  region size 1024K, 22 young (22528K), 4 survivors (4096K)
 Metaspace       used 74381K, committed 75008K, reserved 1114112K
  class space    used 10309K, committed 10624K, reserved 1048576K
GC Heap History (20 events):
Event: 6.623 GC heap before
{Heap before GC invocations=2 (full 0):
 garbage-first heap   total reserved 1527808K, committed 96256K, used 52788K [0x00000000a2c00000, 0x0000000100000000)
  region size 1024K, 40 young (40960K), 2 survivors (2048K)
 Metaspace       used 18786K, committed 19200K, reserved 1114112K
  class space    used 2600K, committed 2752K, reserved 1048576K
}
Event: 6.631 GC heap after
{Heap after GC invocations=3 (full 0):
 garbage-first heap   total reserved 1527808K, committed 96256K, used 17910K [0x00000000a2c00000, 0x0000000100000000)
  region size 1024K, 5 young (5120K), 5 survivors (5120K)
 Metaspace       used 18786K, committed 19200K, reserved 1114112K
  class space    used 2600K, committed 2752K, reserved 1048576K
}
Event: 6.964 GC heap before
{Heap before GC invocations=3 (full 0):
 garbage-first heap   total reserved 1527808K, committed 96256K, used 31222K [0x00000000a2c00000, 0x0000000100000000)
  region size 1024K, 20 young (20480K), 5 survivors (5120K)
 Metaspace       used 21170K, committed 21504K, reserved 1114112K
  class space    used 2925K, committed 3072K, reserved 1048576K
}
Event: 6.970 GC heap after
{Heap after GC invocations=4 (full 0):
 garbage-first heap   total reserved 1527808K, committed 96256K, used 19312K [0x00000000a2c00000, 0x0000000100000000)
  region size 1024K, 5 young (5120K), 5 survivors (5120K)
 Metaspace       used 21170K, committed 21504K, reserved 1114112K
  class space    used 2925K, committed 3072K, reserved 1048576K
}
Event: 7.818 GC heap before
{Heap before GC invocations=5 (full 0):
 garbage-first heap   total reserved 1527808K, committed 68608K, used 54128K [0x00000000a2c00000, 0x0000000100000000)
  region size 1024K, 40 young (40960K), 5 survivors (5120K)
 Metaspace       used 28279K, committed 28672K, reserved 1114112K
  class space    used 3795K, committed 3968K, reserved 1048576K
}
Event: 7.826 GC heap after
{Heap after GC invocations=6 (full 0):
 garbage-first heap   total reserved 1527808K, committed 68608K, used 22066K [0x00000000a2c00000, 0x0000000100000000)
  region size 1024K, 5 young (5120K), 5 survivors (5120K)
 Metaspace       used 28279K, committed 28672K, reserved 1114112K
  class space    used 3795K, committed 3968K, reserved 1048576K
}
Event: 9.062 GC heap before
{Heap before GC invocations=6 (full 0):
 garbage-first heap   total reserved 1527808K, committed 68608K, used 50738K [0x00000000a2c00000, 0x0000000100000000)
  region size 1024K, 33 young (33792K), 5 survivors (5120K)
 Metaspace       used 32611K, committed 33088K, reserved 1114112K
  class space    used 4384K, committed 4608K, reserved 1048576K
}
Event: 9.073 GC heap after
{Heap after GC invocations=7 (full 0):
 garbage-first heap   total reserved 1527808K, committed 68608K, used 23852K [0x00000000a2c00000, 0x0000000100000000)
  region size 1024K, 3 young (3072K), 3 survivors (3072K)
 Metaspace       used 32611K, committed 33088K, reserved 1114112K
  class space    used 4384K, committed 4608K, reserved 1048576K
}
Event: 9.958 GC heap before
{Heap before GC invocations=7 (full 0):
 garbage-first heap   total reserved 1527808K, committed 68608K, used 39212K [0x00000000a2c00000, 0x0000000100000000)
  region size 1024K, 19 young (19456K), 3 survivors (3072K)
 Metaspace       used 35540K, committed 35968K, reserved 1114112K
  class space    used 4797K, committed 4992K, reserved 1048576K
}
Event: 9.969 GC heap after
{Heap after GC invocations=8 (full 0):
 garbage-first heap   total reserved 1527808K, committed 68608K, used 25833K [0x00000000a2c00000, 0x0000000100000000)
  region size 1024K, 2 young (2048K), 2 survivors (2048K)
 Metaspace       used 35540K, committed 35968K, reserved 1114112K
  class space    used 4797K, committed 4992K, reserved 1048576K
}
Event: 12.389 GC heap before
{Heap before GC invocations=9 (full 0):
 garbage-first heap   total reserved 1527808K, committed 68608K, used 54505K [0x00000000a2c00000, 0x0000000100000000)
  region size 1024K, 30 young (30720K), 2 survivors (2048K)
 Metaspace       used 46259K, committed 46784K, reserved 1114112K
  class space    used 6166K, committed 6400K, reserved 1048576K
}
Event: 12.400 GC heap after
{Heap after GC invocations=10 (full 0):
 garbage-first heap   total reserved 1527808K, committed 68608K, used 28671K [0x00000000a2c00000, 0x0000000100000000)
  region size 1024K, 4 young (4096K), 4 survivors (4096K)
 Metaspace       used 46259K, committed 46784K, reserved 1114112K
  class space    used 6166K, committed 6400K, reserved 1048576K
}
Event: 13.848 GC heap before
{Heap before GC invocations=10 (full 0):
 garbage-first heap   total reserved 1527808K, committed 68608K, used 55295K [0x00000000a2c00000, 0x0000000100000000)
  region size 1024K, 31 young (31744K), 4 survivors (4096K)
 Metaspace       used 52542K, committed 53120K, reserved 1114112K
  class space    used 7172K, committed 7424K, reserved 1048576K
}
Event: 13.856 GC heap after
{Heap after GC invocations=11 (full 0):
 garbage-first heap   total reserved 1527808K, committed 68608K, used 30408K [0x00000000a2c00000, 0x0000000100000000)
  region size 1024K, 2 young (2048K), 2 survivors (2048K)
 Metaspace       used 52542K, committed 53120K, reserved 1114112K
  class space    used 7172K, committed 7424K, reserved 1048576K
}
Event: 15.094 GC heap before
{Heap before GC invocations=11 (full 0):
 garbage-first heap   total reserved 1527808K, committed 68608K, used 56008K [0x00000000a2c00000, 0x0000000100000000)
  region size 1024K, 28 young (28672K), 2 survivors (2048K)
 Metaspace       used 59645K, committed 60160K, reserved 1114112K
  class space    used 8213K, committed 8448K, reserved 1048576K
}
Event: 15.100 GC heap after
{Heap after GC invocations=12 (full 0):
 garbage-first heap   total reserved 1527808K, committed 68608K, used 31289K [0x00000000a2c00000, 0x0000000100000000)
  region size 1024K, 3 young (3072K), 3 survivors (3072K)
 Metaspace       used 59645K, committed 60160K, reserved 1114112K
  class space    used 8213K, committed 8448K, reserved 1048576K
}
Event: 16.238 GC heap before
{Heap before GC invocations=13 (full 0):
 garbage-first heap   total reserved 1527808K, committed 68608K, used 58937K [0x00000000a2c00000, 0x0000000100000000)
  region size 1024K, 31 young (31744K), 3 survivors (3072K)
 Metaspace       used 65329K, committed 65920K, reserved 1114112K
  class space    used 9134K, committed 9408K, reserved 1048576K
}
Event: 16.248 GC heap after
{Heap after GC invocations=14 (full 0):
 garbage-first heap   total reserved 1527808K, committed 68608K, used 33114K [0x00000000a2c00000, 0x0000000100000000)
  region size 1024K, 3 young (3072K), 3 survivors (3072K)
 Metaspace       used 65329K, committed 65920K, reserved 1114112K
  class space    used 9134K, committed 9408K, reserved 1048576K
}
Event: 17.623 GC heap before
{Heap before GC invocations=14 (full 0):
 garbage-first heap   total reserved 1527808K, committed 68608K, used 60762K [0x00000000a2c00000, 0x0000000100000000)
  region size 1024K, 30 young (30720K), 3 survivors (3072K)
 Metaspace       used 72005K, committed 72576K, reserved 1114112K
  class space    used 9972K, committed 10176K, reserved 1048576K
}
Event: 17.633 GC heap after
{Heap after GC invocations=15 (full 0):
 garbage-first heap   total reserved 1527808K, committed 68608K, used 34435K [0x00000000a2c00000, 0x0000000100000000)
  region size 1024K, 4 young (4096K), 4 survivors (4096K)
 Metaspace       used 72005K, committed 72576K, reserved 1114112K
  class space    used 9972K, committed 10176K, reserved 1048576K
}

