# JRE version: Java(TM) SE Runtime Environment (23.0+37) (build 23+37-2369)
# Java VM: Java HotSpot(TM) 64-Bit Server VM (23+37-2369, mixed mode, sharing, tiered, compressed oops, compressed class ptrs, g1 gc, windows-amd64)
GC Precious Log:
 CardTable entry size: 512
 Card Set container configuration: InlinePtr #cards 5 size 8 Array Of Cards #cards 10 size 36 Howl #buckets 4 coarsen threshold 1843 Howl Bitmap #cards 512 size 80 coarsen threshold 460 Card regions per heap region 1 cards per card region 2048
 CPUs: 8 total, 8 available
 Memory: 5965M
 Large Page Support: Disabled
 NUMA Support: Disabled
 Compressed Oops: Enabled (32-bit)
 Heap Region Size: 1M
 Heap Min Capacity: 8M
 Heap Initial Capacity: 94M
 Heap Max Capacity: 1492M
 Pre-touch: Disabled
 Parallel Workers: 8
 Concurrent Workers: 2
 Concurrent Refinement Workers: 8
 Periodic GC: Disabled
Heap:
 garbage-first heap   total reserved 1527808K, committed 96256K, used 43572K [0x00000000a2c00000, 0x0000000100000000)
  region size 1024K, 2 young (2048K), 2 survivors (2048K)
 Metaspace       used 55037K, committed 55680K, reserved 1114112K
  class space    used 7336K, committed 7616K, reserved 1048576K
GC Heap History (20 events):
Event: 9.270 GC heap after
{Heap after GC invocations=10 (full 0):
 garbage-first heap   total reserved 1527808K, committed 55296K, used 24234K [0x00000000a2c00000, 0x0000000100000000)
  region size 1024K, 2 young (2048K), 2 survivors (2048K)
 Metaspace       used 42406K, committed 42880K, reserved 1114112K
  class space    used 5444K, committed 5632K, reserved 1048576K
}
Event: 10.502 GC heap before
{Heap before GC invocations=10 (full 0):
 garbage-first heap   total reserved 1527808K, committed 55296K, used 44714K [0x00000000a2c00000, 0x0000000100000000)
  region size 1024K, 22 young (22528K), 2 survivors (2048K)
 Metaspace       used 47385K, committed 48000K, reserved 1114112K
  class space    used 6260K, committed 6528K, reserved 1048576K
}
Event: 10.505 GC heap after
{Heap after GC invocations=11 (full 0):
 garbage-first heap   total reserved 1527808K, committed 55296K, used 25212K [0x00000000a2c00000, 0x0000000100000000)
  region size 1024K, 2 young (2048K), 2 survivors (2048K)
 Metaspace       used 47385K, committed 48000K, reserved 1114112K
  class space    used 6260K, committed 6528K, reserved 1048576K
}
Event: 11.340 GC heap before
{Heap before GC invocations=11 (full 0):
 garbage-first heap   total reserved 1527808K, committed 55296K, used 44668K [0x00000000a2c00000, 0x0000000100000000)
  region size 1024K, 22 young (22528K), 2 survivors (2048K)
 Metaspace       used 52512K, committed 53120K, reserved 1114112K
  class space    used 7016K, committed 7296K, reserved 1048576K
}
Event: 11.344 GC heap after
{Heap after GC invocations=12 (full 0):
 garbage-first heap   total reserved 1527808K, committed 55296K, used 26584K [0x00000000a2c00000, 0x0000000100000000)
  region size 1024K, 3 young (3072K), 3 survivors (3072K)
 Metaspace       used 52512K, committed 53120K, reserved 1114112K
  class space    used 7016K, committed 7296K, reserved 1048576K
}
Event: 11.951 GC heap before
{Heap before GC invocations=12 (full 0):
 garbage-first heap   total reserved 1527808K, committed 55296K, used 47064K [0x00000000a2c00000, 0x0000000100000000)
  region size 1024K, 23 young (23552K), 3 survivors (3072K)
 Metaspace       used 54885K, committed 55552K, reserved 1114112K
  class space    used 7320K, committed 7616K, reserved 1048576K
}
Event: 11.956 GC heap after
{Heap after GC invocations=13 (full 0):
 garbage-first heap   total reserved 1527808K, committed 55296K, used 29849K [0x00000000a2c00000, 0x0000000100000000)
  region size 1024K, 3 young (3072K), 3 survivors (3072K)
 Metaspace       used 54885K, committed 55552K, reserved 1114112K
  class space    used 7320K, committed 7616K, reserved 1048576K
}
Event: 11.959 GC heap before
{Heap before GC invocations=13 (full 0):
 garbage-first heap   total reserved 1527808K, committed 55296K, used 30873K [0x00000000a2c00000, 0x0000000100000000)
  region size 1024K, 5 young (5120K), 3 survivors (3072K)
 Metaspace       used 54894K, committed 55552K, reserved 1114112K
  class space    used 7320K, committed 7616K, reserved 1048576K
}
Event: 11.963 GC heap after
{Heap after GC invocations=14 (full 0):
 garbage-first heap   total reserved 1527808K, committed 55296K, used 30892K [0x00000000a2c00000, 0x0000000100000000)
  region size 1024K, 1 young (1024K), 1 survivors (1024K)
 Metaspace       used 54894K, committed 55552K, reserved 1114112K
  class space    used 7320K, committed 7616K, reserved 1048576K
}
Event: 12.020 GC heap before
{Heap before GC invocations=15 (full 0):
 garbage-first heap   total reserved 1527808K, committed 56320K, used 47276K [0x00000000a2c00000, 0x0000000100000000)
  region size 1024K, 15 young (15360K), 1 survivors (1024K)
 Metaspace       used 54917K, committed 55552K, reserved 1114112K
  class space    used 7320K, committed 7616K, reserved 1048576K
}
Event: 12.023 GC heap after
{Heap after GC invocations=16 (full 0):
 garbage-first heap   total reserved 1527808K, committed 56320K, used 36619K [0x00000000a2c00000, 0x0000000100000000)
  region size 1024K, 2 young (2048K), 2 survivors (2048K)
 Metaspace       used 54917K, committed 55552K, reserved 1114112K
  class space    used 7320K, committed 7616K, reserved 1048576K
}
Event: 12.069 GC heap before
{Heap before GC invocations=16 (full 0):
 garbage-first heap   total reserved 1527808K, committed 56320K, used 47883K [0x00000000a2c00000, 0x0000000100000000)
  region size 1024K, 13 young (13312K), 2 survivors (2048K)
 Metaspace       used 54923K, committed 55552K, reserved 1114112K
  class space    used 7320K, committed 7616K, reserved 1048576K
}
Event: 12.072 GC heap after
{Heap after GC invocations=17 (full 0):
 garbage-first heap   total reserved 1527808K, committed 56320K, used 38912K [0x00000000a2c00000, 0x0000000100000000)
  region size 1024K, 2 young (2048K), 2 survivors (2048K)
 Metaspace       used 54923K, committed 55552K, reserved 1114112K
  class space    used 7320K, committed 7616K, reserved 1048576K
}
Event: 12.125 GC heap before
{Heap before GC invocations=17 (full 0):
 garbage-first heap   total reserved 1527808K, committed 56320K, used 49152K [0x00000000a2c00000, 0x0000000100000000)
  region size 1024K, 12 young (12288K), 2 survivors (2048K)
 Metaspace       used 54930K, committed 55552K, reserved 1114112K
  class space    used 7323K, committed 7616K, reserved 1048576K
}
Event: 12.130 GC heap after
{Heap after GC invocations=18 (full 0):
 garbage-first heap   total reserved 1527808K, committed 56320K, used 41591K [0x00000000a2c00000, 0x0000000100000000)
  region size 1024K, 2 young (2048K), 2 survivors (2048K)
 Metaspace       used 54930K, committed 55552K, reserved 1114112K
  class space    used 7323K, committed 7616K, reserved 1048576K
}
Event: 12.199 GC heap before
{Heap before GC invocations=19 (full 0):
 garbage-first heap   total reserved 1527808K, committed 68608K, used 46711K [0x00000000a2c00000, 0x0000000100000000)
  region size 1024K, 9 young (9216K), 2 survivors (2048K)
 Metaspace       used 54963K, committed 55616K, reserved 1114112K
  class space    used 7329K, committed 7616K, reserved 1048576K
}
Event: 12.202 GC heap after
{Heap after GC invocations=20 (full 0):
 garbage-first heap   total reserved 1527808K, committed 68608K, used 42779K [0x00000000a2c00000, 0x0000000100000000)
  region size 1024K, 2 young (2048K), 2 survivors (2048K)
 Metaspace       used 54963K, committed 55616K, reserved 1114112K
  class space    used 7329K, committed 7616K, reserved 1048576K
}
Event: 12.258 GC heap before
{Heap before GC invocations=20 (full 0):
 garbage-first heap   total reserved 1527808K, committed 68608K, used 57115K [0x00000000a2c00000, 0x0000000100000000)
  region size 1024K, 15 young (15360K), 2 survivors (2048K)
 Metaspace       used 54994K, committed 55680K, reserved 1114112K
  class space    used 7331K, committed 7616K, reserved 1048576K
}
Event: 12.261 GC heap after
{Heap after GC invocations=21 (full 0):
 garbage-first heap   total reserved 1527808K, committed 68608K, used 43990K [0x00000000a2c00000, 0x0000000100000000)
  region size 1024K, 2 young (2048K), 2 survivors (2048K)
 Metaspace       used 54994K, committed 55680K, reserved 1114112K
  class space    used 7331K, committed 7616K, reserved 1048576K
}
Event: 12.326 GC heap before
{Heap before GC invocations=21 (full 0):
 garbage-first heap   total reserved 1527808K, committed 68608K, used 56278K [0x00000000a2c00000, 0x0000000100000000)
  region size 1024K, 15 young (15360K), 2 survivors (2048K)
 Metaspace       used 55037K, committed 55680K, reserved 1114112K
  class space    used 7336K, committed 7616K, reserved 1048576K
}

